<testsuites id="" name="" tests="1" failures="1" skipped="0" errors="0" time="18.083924">
<testsuite name="delete-confirm.spec.ts" timestamp="2026-09-23T10:13:03.521Z" hostname="chromium" tests="1" failures="1" skipped="0" time="17.108" errors="0">
<testcase name="In-place delete confirm › 2.1-E2E-005 (P2): Clear archive uses in-place confirm instead of window.confirm()" classname="delete-confirm.spec.ts" time="17.108">
<system-out>
<![CDATA[
[[ATTACHMENT|..\..\test-results\delete-confirm-In-place-de-3b95e--instead-of-window-confirm--chromium\test-failed-1.png]]

[[ATTACHMENT|..\..\test-results\delete-confirm-In-place-de-3b95e--instead-of-window-confirm--chromium\video.webm]]

[[ATTACHMENT|..\..\test-results\delete-confirm-In-place-de-3b95e--instead-of-window-confirm--chromium\error-context.md]]

[[ATTACHMENT|..\..\test-results\delete-confirm-In-place-de-3b95e--instead-of-window-confirm--chromium\trace.zip]]
]]>
</system-out>
<failure message="expect(locator).toBeVisible() failed" type="expect.toBeVisible">
<![CDATA[  [chromium] › delete-confirm.spec.ts:111:7 › In-place delete confirm › 2.1-E2E-005 (P2): Clear archive uses in-place confirm instead of window.confirm() 

    Error: expect(locator).toBeVisible() failed

    Locator: getByText('Delete Me 5b')
    Expected: visible
    Timeout: 15000ms
    Error: element(s) not found

    Call log:
      - Expect "toBeVisible" getByText('Delete Me 5b') with timeout 15000ms
      - waiting for getByText('Delete Me 5b')


      121 |     await page.goto('/completed');
      122 |     await expect(page.getByText('Delete Me 5a')).toBeVisible();
    > 123 |     await expect(page.getByText('Delete Me 5b')).toBeVisible();
          |                                                  ^
      124 |
      125 |     const clearBtn = page.getByRole('button', { name: /clear archive/i });
      126 |     await clearBtn.click();
        at C:\Users\user\Desktop\Bmad Todo\bmad-repo\tests\e2e\delete-confirm.spec.ts:123:50

    attachment #1: screenshot (image/png) ──────────────────────────────────────────────────────────
    ..\..\test-results\delete-confirm-In-place-de-3b95e--instead-of-window-confirm--chromium\test-failed-1.png
    ────────────────────────────────────────────────────────────────────────────────────────────────

    attachment #2: video (video/webm) ──────────────────────────────────────────────────────────────
    ..\..\test-results\delete-confirm-In-place-de-3b95e--instead-of-window-confirm--chromium\video.webm
    ────────────────────────────────────────────────────────────────────────────────────────────────

    Error Context: ..\..\test-results\delete-confirm-In-place-de-3b95e--instead-of-window-confirm--chromium\error-context.md

    attachment #4: trace (application/zip) ─────────────────────────────────────────────────────────
    ..\..\test-results\delete-confirm-In-place-de-3b95e--instead-of-window-confirm--chromium\trace.zip
    Usage:

        npx playwright show-trace ..\..\test-results\delete-confirm-In-place-de-3b95e--instead-of-window-confirm--chromium\trace.zip

    ────────────────────────────────────────────────────────────────────────────────────────────────
]]>
</failure>
</testcase>
</testsuite>
</testsuites>